###############################################################################
#                                                                             #
# IAR ANSI C/C++ Compiler V6.40.1.53790/W32 for ARM     26/Oct/2019  13:14:11 #
# Copyright 1999-2012 IAR Systems AB.                                         #
#                                                                             #
#    Cpu mode     =  thumb                                                    #
#    Endian       =  little                                                   #
#    Source file  =  C:\Users\kmak\Documents\Cortex_Git\BLKT-01\Source        #
#                    Code\BLKT-01 Beacon\Source\firmware\common\CoOS\portable #
#                    \arch.c                                                  #
#    Command line =  "C:\Users\kmak\Documents\Cortex_Git\BLKT-01\Source       #
#                    Code\BLKT-01 Beacon\Source\firmware\common\CoOS\portable #
#                    \arch.c" -D BEACON_APP -D USE_STDPERIPH_DRIVER -D        #
#                    STM32F10X_CL -D COOS -D USE_MY_ASSERT -D _DEBUG -D       #
#                    BOOTLOADER -D EE_M24C02 -D TASKS_PROFILE -D              #
#                    BATTERY_CHECK -D CCA_EN_NO -D NEW_BEACON -D USE_TIM4 -D  #
#                    WDT_ENABLE -D OLD_CONFIG -D CIRCULAR_LOG -D BC_HW_REVJ   #
#                    -lcN "C:\Users\kmak\Documents\Cortex_Git\BLKT-01\Source  #
#                    Code\BLKT-01 Beacon\Source\firmware\beacon -             #
#                    revJ\IAR\Debug-Bootloader-RevJ\List\" -o                 #
#                    "C:\Users\kmak\Documents\Cortex_Git\BLKT-01\Source       #
#                    Code\BLKT-01 Beacon\Source\firmware\beacon -             #
#                    revJ\IAR\Debug-Bootloader-RevJ\Obj\" --no_cse            #
#                    --no_unroll --no_inline --no_code_motion --no_tbaa       #
#                    --no_clustering --no_scheduling --debug --endian=little  #
#                    --cpu=Cortex-M3 -e --fpu=None --dlib_config "C:\Program  #
#                    Files (x86)\IAR Systems\Embedded Workbench               #
#                    6.4\arm\INC\c\DLib_Config_Normal.h" -I                   #
#                    "C:\Users\kmak\Documents\Cortex_Git\BLKT-01\Source       #
#                    Code\BLKT-01 Beacon\Source\firmware\beacon -             #
#                    revJ\IAR\..\App\" -I "C:\Users\kmak\Documents\Cortex_Git #
#                    \BLKT-01\Source Code\BLKT-01                             #
#                    Beacon\Source\firmware\beacon -                          #
#                    revJ\IAR\..\..\common\CMSIS\CM3\DeviceSupport\ST\STM32F1 #
#                    0x\" -I "C:\Users\kmak\Documents\Cortex_Git\BLKT-01\Sour #
#                    ce Code\BLKT-01 Beacon\Source\firmware\beacon -          #
#                    revJ\IAR\..\..\common\STM32F10x_StdPeriph_Driver\inc\"   #
#                    -I "C:\Users\kmak\Documents\Cortex_Git\BLKT-01\Source    #
#                    Code\BLKT-01 Beacon\Source\firmware\beacon -             #
#                    revJ\IAR\..\..\common\CoOS\kernel\" -I                   #
#                    "C:\Users\kmak\Documents\Cortex_Git\BLKT-01\Source       #
#                    Code\BLKT-01 Beacon\Source\firmware\beacon -             #
#                    revJ\IAR\..\..\common\CoOS\portable\" -I                 #
#                    "C:\Users\kmak\Documents\Cortex_Git\BLKT-01\Source       #
#                    Code\BLKT-01 Beacon\Source\firmware\beacon -             #
#                    revJ\IAR\..\..\..\common\" -I                            #
#                    "C:\Users\kmak\Documents\Cortex_Git\BLKT-01\Source       #
#                    Code\BLKT-01 Beacon\Source\firmware\beacon -             #
#                    revJ\IAR\..\..\common\USB-Device-CDC\" -I                #
#                    "C:\Users\kmak\Documents\Cortex_Git\BLKT-01\Source       #
#                    Code\BLKT-01 Beacon\Source\firmware\beacon -             #
#                    revJ\IAR\..\..\common\" -I "C:\Users\kmak\Documents\Cort #
#                    ex_Git\BLKT-01\Source Code\BLKT-01                       #
#                    Beacon\Source\firmware\beacon - revJ\IAR\" -On           #
#                    --use_c++_inline -I "C:\Program Files (x86)\IAR          #
#                    Systems\Embedded Workbench 6.4\arm\CMSIS\Include\"       #
#    List file    =  C:\Users\kmak\Documents\Cortex_Git\BLKT-01\Source        #
#                    Code\BLKT-01 Beacon\Source\firmware\beacon -             #
#                    revJ\IAR\Debug-Bootloader-RevJ\List\arch.lst             #
#    Object file  =  C:\Users\kmak\Documents\Cortex_Git\BLKT-01\Source        #
#                    Code\BLKT-01 Beacon\Source\firmware\beacon -             #
#                    revJ\IAR\Debug-Bootloader-RevJ\Obj\arch.o                #
#                                                                             #
#                                                                             #
###############################################################################

C:\Users\kmak\Documents\Cortex_Git\BLKT-01\Source Code\BLKT-01 Beacon\Source\firmware\common\CoOS\portable\arch.c
      1          /**
      2           *******************************************************************************
      3           * @file      arch.c
      4           * @version   V1.1.4
      5           * @date      2011.04.20
      6           * @brief     This file provides InitTaskContext() and SysTick_Handler().
      7           *******************************************************************************
      8           * @copy
      9           *	WRITE COPY INFORMATION USE CAPITAL LETTER
     10           *
     11           * <h2><center>&copy; COPYRIGHT 2009 CooCox </center></h2>
     12           *******************************************************************************
     13           */
     14          
     15          /*---------------------------- Include ---------------------------------------*/
     16          #include <coocox.h>
     17          U64     OSTickCnt = 0;                  /*!< Current system tick counter      */
     18          
     19          /**
     20           ******************************************************************************
     21           * @brief      Initial task context
     22           * @param[in]  task    Entry point of task.
     23           * @param[in]  param   The parameter pass to task.
     24           * @param[in]  pstk    The pointer to stack top.
     25           * @param[out] None
     26           * @retval     Returns location of new stack top.
     27           *
     28           * @par Description
     29           * @details    This function is called to initialize the stack frame of the
     30           *             task being created.
     31           ******************************************************************************
     32           */
     33          OS_STK *InitTaskContext(FUNCPtr task,void *param,OS_STK *pstk)
     34          {
     35              OS_STK *context;
     36          	context  = pstk;
     37              *(context--) = (U32)0x01000000L;      /* xPSR	        */
     38          	*(context--) = (U32)task;             /* Entry point of task.                         */
     39          	*(context)   = (U32)0xFFFFFFFEL;
     40              context      = context - 5;
     41          	*(context)   = (U32)param;            /* R0: argument */
     42          	context      = context - 8;
     43          
     44              return (context);                   /* Returns location of new stack top. */
     45          }
     46          
     47          
     48          
     49          /**
     50           *******************************************************************************
     51           * @brief      System tick interrupt handler.
     52           * @param[in]  None
     53           * @param[out] None
     54           * @retval     None
     55           *
     56           * @par Description
     57           * @details    This is system tick interrupt headler.
     58           * @note       CoOS may schedule when exiting this ISR.
     59           *******************************************************************************
     60           */
     61          void SysTick_Handler(void)
     62          {
     63              OSSchedLock++;                  /* Lock scheduler.                        */
     64              OSTickCnt++;                    /* Increment systerm time.                */
     65          #if CFG_TASK_WAITTING_EN >0
     66              if(DlyList != Co_NULL)             /* Have task in delay list?               */
     67              {
     68                  if(DlyList->delayTick > 1)  /* Delay time > 1?                        */
     69                  {
     70          			DlyList->delayTick--;   /* Decrease delay time of the list head.  */
     71                  }
     72          		else
     73          		{
     74          			DlyList->delayTick = 0;
     75          			isr_TimeDispose();       /* Call hander for delay time list        */
     76          		}
     77              }
     78          #endif
     79          
     80          #if CFG_TMR_EN > 0
     81              if(TmrList != Co_NULL)             /* Have timer in working?                 */
     82              {
     83                  if(TmrList->tmrCnt > 1)     /* Timer time > 1?                        */
     84                  {
     85          			TmrList->tmrCnt--;      /* Decrease timer time of the list head.  */
     86                  }
     87          		else
     88          		{
     89          			TmrList->tmrCnt = 0;
     90          			isr_TmrDispose();         /* Call hander for timer list             */
     91          		}
     92              }
     93          #endif
     94          	TaskSchedReq = Co_TRUE;
     95              OsSchedUnlock();
     96          }

   Maximum stack usage in bytes:

   .cstack Function
   ------- --------
        4  InitTaskContext
        8  SysTick_Handler
             8 -> OsSchedUnlock
             8 -> isr_TimeDispose


   Section sizes:

   Bytes  Function/Label
   -----  --------------
       4  ??DataTable0
       4  ??DataTable0_1
       4  ??DataTable0_2
       4  ??DataTable0_3
      34  InitTaskContext
       8  OSTickCnt
      88  SysTick_Handler

 
   8 bytes in section .bss
 138 bytes in section .text
 
 138 bytes of CODE memory
   8 bytes of DATA memory

Errors: none
Warnings: none
