###############################################################################
#                                                                             #
# IAR ANSI C/C++ Compiler V6.40.1.53790/W32 for ARM     26/Oct/2019  13:14:14 #
# Copyright 1999-2012 IAR Systems AB.                                         #
#                                                                             #
#    Cpu mode     =  thumb                                                    #
#    Endian       =  little                                                   #
#    Source file  =  C:\Users\kmak\Documents\Cortex_Git\BLKT-01\Source        #
#                    Code\BLKT-01 Beacon\Source\firmware\common\CoOS\kernel\h #
#                    ook.c                                                    #
#    Command line =  "C:\Users\kmak\Documents\Cortex_Git\BLKT-01\Source       #
#                    Code\BLKT-01 Beacon\Source\firmware\common\CoOS\kernel\h #
#                    ook.c" -D BEACON_APP -D USE_STDPERIPH_DRIVER -D          #
#                    STM32F10X_CL -D COOS -D USE_MY_ASSERT -D _DEBUG -D       #
#                    BOOTLOADER -D EE_M24C02 -D TASKS_PROFILE -D              #
#                    BATTERY_CHECK -D CCA_EN_NO -D NEW_BEACON -D USE_TIM4 -D  #
#                    WDT_ENABLE -D OLD_CONFIG -D CIRCULAR_LOG -D BC_HW_REVJ   #
#                    -lcN "C:\Users\kmak\Documents\Cortex_Git\BLKT-01\Source  #
#                    Code\BLKT-01 Beacon\Source\firmware\beacon -             #
#                    revJ\IAR\Debug-Bootloader-RevJ\List\" -o                 #
#                    "C:\Users\kmak\Documents\Cortex_Git\BLKT-01\Source       #
#                    Code\BLKT-01 Beacon\Source\firmware\beacon -             #
#                    revJ\IAR\Debug-Bootloader-RevJ\Obj\" --no_cse            #
#                    --no_unroll --no_inline --no_code_motion --no_tbaa       #
#                    --no_clustering --no_scheduling --debug --endian=little  #
#                    --cpu=Cortex-M3 -e --fpu=None --dlib_config "C:\Program  #
#                    Files (x86)\IAR Systems\Embedded Workbench               #
#                    6.4\arm\INC\c\DLib_Config_Normal.h" -I                   #
#                    "C:\Users\kmak\Documents\Cortex_Git\BLKT-01\Source       #
#                    Code\BLKT-01 Beacon\Source\firmware\beacon -             #
#                    revJ\IAR\..\App\" -I "C:\Users\kmak\Documents\Cortex_Git #
#                    \BLKT-01\Source Code\BLKT-01                             #
#                    Beacon\Source\firmware\beacon -                          #
#                    revJ\IAR\..\..\common\CMSIS\CM3\DeviceSupport\ST\STM32F1 #
#                    0x\" -I "C:\Users\kmak\Documents\Cortex_Git\BLKT-01\Sour #
#                    ce Code\BLKT-01 Beacon\Source\firmware\beacon -          #
#                    revJ\IAR\..\..\common\STM32F10x_StdPeriph_Driver\inc\"   #
#                    -I "C:\Users\kmak\Documents\Cortex_Git\BLKT-01\Source    #
#                    Code\BLKT-01 Beacon\Source\firmware\beacon -             #
#                    revJ\IAR\..\..\common\CoOS\kernel\" -I                   #
#                    "C:\Users\kmak\Documents\Cortex_Git\BLKT-01\Source       #
#                    Code\BLKT-01 Beacon\Source\firmware\beacon -             #
#                    revJ\IAR\..\..\common\CoOS\portable\" -I                 #
#                    "C:\Users\kmak\Documents\Cortex_Git\BLKT-01\Source       #
#                    Code\BLKT-01 Beacon\Source\firmware\beacon -             #
#                    revJ\IAR\..\..\..\common\" -I                            #
#                    "C:\Users\kmak\Documents\Cortex_Git\BLKT-01\Source       #
#                    Code\BLKT-01 Beacon\Source\firmware\beacon -             #
#                    revJ\IAR\..\..\common\USB-Device-CDC\" -I                #
#                    "C:\Users\kmak\Documents\Cortex_Git\BLKT-01\Source       #
#                    Code\BLKT-01 Beacon\Source\firmware\beacon -             #
#                    revJ\IAR\..\..\common\" -I "C:\Users\kmak\Documents\Cort #
#                    ex_Git\BLKT-01\Source Code\BLKT-01                       #
#                    Beacon\Source\firmware\beacon - revJ\IAR\" -On           #
#                    --use_c++_inline -I "C:\Program Files (x86)\IAR          #
#                    Systems\Embedded Workbench 6.4\arm\CMSIS\Include\"       #
#    List file    =  C:\Users\kmak\Documents\Cortex_Git\BLKT-01\Source        #
#                    Code\BLKT-01 Beacon\Source\firmware\beacon -             #
#                    revJ\IAR\Debug-Bootloader-RevJ\List\hook.lst             #
#    Object file  =  C:\Users\kmak\Documents\Cortex_Git\BLKT-01\Source        #
#                    Code\BLKT-01 Beacon\Source\firmware\beacon -             #
#                    revJ\IAR\Debug-Bootloader-RevJ\Obj\hook.o                #
#                                                                             #
#                                                                             #
###############################################################################

C:\Users\kmak\Documents\Cortex_Git\BLKT-01\Source Code\BLKT-01 Beacon\Source\firmware\common\CoOS\kernel\hook.c
      1          /**
      2           *******************************************************************************
      3           * @file       hook.c
      4           * @version   V1.1.4    
      5           * @date      2011.04.20
      6           * @brief      hook management implementation code of CooCox CoOS kernel.	
      7           *******************************************************************************
      8           * @copy
      9           *
     10           * INTERNAL FILE,DON'T PUBLIC.
     11           * 
     12           * <h2><center>&copy; COPYRIGHT 2009 CooCox </center></h2>
     13           *******************************************************************************
     14           */ 
     15          
     16          
     17          /*---------------------------- Inlcude --------------------------------------*/
     18          #include <coocox.h>
     19          
     20          /**
     21           *******************************************************************************
     22           * @brief      IDLE task of OS	 
     23           * @param[in]  pdata	The parameter passed to IDLE task.		 
     24           * @param[out] None 
     25           * @retval     None	 
     26           *
     27           * @par Description
     28           * @details    This function is system IDLE task code.	 
     29           *******************************************************************************
     30           */
     31          void CoIdleTask(void* pdata)
     32          {
     33              /* Add your codes here */
     34              for(; ;) 
     35              {
     36                  /* Add your codes here */
     37              }
     38          }
     39          
     40          
     41          /**
     42           *******************************************************************************
     43           * @brief      Hook for stack overflow	 
     44           * @param[in]  taskID	Piont to the task which lead to stack overflow.		 
     45           * @param[out] None 
     46           * @retval     None	 
     47           *
     48           * @par Description
     49           * @details    This function is a hook for stack overflow.	 
     50           *******************************************************************************
     51           */
     52          void CoStkOverflowHook(OS_TID taskID)
     53          {
     54              /* Process stack overflow  here */
     55              for(; ;) 
     56              {
     57                
     58              }
     59          }
     60          
     61          
     62          
     63          
     64          
     65          

   Maximum stack usage in bytes:

   .cstack Function
   ------- --------
        0  CoIdleTask
        0  CoStkOverflowHook


   Section sizes:

   Bytes  Function/Label
   -----  --------------
       2  CoIdleTask
       2  CoStkOverflowHook

 
 4 bytes in section .text
 
 4 bytes of CODE memory

Errors: none
Warnings: none
