###############################################################################
#                                                                             #
# IAR ANSI C/C++ Compiler V6.40.1.53790/W32 for ARM     29/Oct/2019  16:43:11 #
# Copyright 1999-2012 IAR Systems AB.                                         #
#                                                                             #
#    Cpu mode     =  thumb                                                    #
#    Endian       =  little                                                   #
#    Source file  =  C:\Users\kmak\Documents\Cortex_Git\BLKT-01\Source        #
#                    Code\BLKT-01 Beacon\Source\firmware\common\STM32F10x_Std #
#                    Periph_Driver\src\stm32f10x_dbgmcu.c                     #
#    Command line =  "C:\Users\kmak\Documents\Cortex_Git\BLKT-01\Source       #
#                    Code\BLKT-01 Beacon\Source\firmware\common\STM32F10x_Std #
#                    Periph_Driver\src\stm32f10x_dbgmcu.c" -D BEACON_APP -D   #
#                    USE_STDPERIPH_DRIVER -D STM32F10X_CL -D COOS -D          #
#                    USE_MY_ASSERT -D _DEBUG -D BOOTLOADER -D EE_M24C02 -D    #
#                    TASKS_PROFILE -D BATTERY_CHECK -D CCA_EN_NO -D           #
#                    NEW_BEACON -D USE_TIM4 -D WDT_ENABLE -D OLD_CONFIG -D    #
#                    CIRCULAR_LOG -D BC_HW_REVJ -lcN                          #
#                    "C:\Users\kmak\Documents\Cortex_Git\BLKT-01\Source       #
#                    Code\BLKT-01 Beacon\Source\firmware\beacon -             #
#                    revJ\IAR\Debug-Bootloader-RevJ\List\" -o                 #
#                    "C:\Users\kmak\Documents\Cortex_Git\BLKT-01\Source       #
#                    Code\BLKT-01 Beacon\Source\firmware\beacon -             #
#                    revJ\IAR\Debug-Bootloader-RevJ\Obj\" --no_cse            #
#                    --no_unroll --no_inline --no_code_motion --no_tbaa       #
#                    --no_clustering --no_scheduling --debug --endian=little  #
#                    --cpu=Cortex-M3 -e --fpu=None --dlib_config "C:\Program  #
#                    Files (x86)\IAR Systems\Embedded Workbench               #
#                    6.4\arm\INC\c\DLib_Config_Normal.h" -I                   #
#                    "C:\Users\kmak\Documents\Cortex_Git\BLKT-01\Source       #
#                    Code\BLKT-01 Beacon\Source\firmware\beacon -             #
#                    revJ\IAR\..\App\" -I "C:\Users\kmak\Documents\Cortex_Git #
#                    \BLKT-01\Source Code\BLKT-01                             #
#                    Beacon\Source\firmware\beacon -                          #
#                    revJ\IAR\..\..\common\CMSIS\CM3\DeviceSupport\ST\STM32F1 #
#                    0x\" -I "C:\Users\kmak\Documents\Cortex_Git\BLKT-01\Sour #
#                    ce Code\BLKT-01 Beacon\Source\firmware\beacon -          #
#                    revJ\IAR\..\..\common\STM32F10x_StdPeriph_Driver\inc\"   #
#                    -I "C:\Users\kmak\Documents\Cortex_Git\BLKT-01\Source    #
#                    Code\BLKT-01 Beacon\Source\firmware\beacon -             #
#                    revJ\IAR\..\..\common\CoOS\kernel\" -I                   #
#                    "C:\Users\kmak\Documents\Cortex_Git\BLKT-01\Source       #
#                    Code\BLKT-01 Beacon\Source\firmware\beacon -             #
#                    revJ\IAR\..\..\common\CoOS\portable\" -I                 #
#                    "C:\Users\kmak\Documents\Cortex_Git\BLKT-01\Source       #
#                    Code\BLKT-01 Beacon\Source\firmware\beacon -             #
#                    revJ\IAR\..\..\..\common\" -I                            #
#                    "C:\Users\kmak\Documents\Cortex_Git\BLKT-01\Source       #
#                    Code\BLKT-01 Beacon\Source\firmware\beacon -             #
#                    revJ\IAR\..\..\common\USB-Device-CDC\" -I                #
#                    "C:\Users\kmak\Documents\Cortex_Git\BLKT-01\Source       #
#                    Code\BLKT-01 Beacon\Source\firmware\beacon -             #
#                    revJ\IAR\..\..\common\" -I "C:\Users\kmak\Documents\Cort #
#                    ex_Git\BLKT-01\Source Code\BLKT-01                       #
#                    Beacon\Source\firmware\beacon - revJ\IAR\" -On           #
#                    --use_c++_inline -I "C:\Program Files (x86)\IAR          #
#                    Systems\Embedded Workbench 6.4\arm\CMSIS\Include\"       #
#    List file    =  C:\Users\kmak\Documents\Cortex_Git\BLKT-01\Source        #
#                    Code\BLKT-01 Beacon\Source\firmware\beacon -             #
#                    revJ\IAR\Debug-Bootloader-RevJ\List\stm32f10x_dbgmcu.lst #
#    Object file  =  C:\Users\kmak\Documents\Cortex_Git\BLKT-01\Source        #
#                    Code\BLKT-01 Beacon\Source\firmware\beacon -             #
#                    revJ\IAR\Debug-Bootloader-RevJ\Obj\stm32f10x_dbgmcu.o    #
#                                                                             #
#                                                                             #
###############################################################################

C:\Users\kmak\Documents\Cortex_Git\BLKT-01\Source Code\BLKT-01 Beacon\Source\firmware\common\STM32F10x_StdPeriph_Driver\src\stm32f10x_dbgmcu.c
      1          /**
      2            ******************************************************************************
      3            * @file    stm32f10x_dbgmcu.c
      4            * @author  MCD Application Team
      5            * @version V3.5.0
      6            * @date    11-March-2011
      7            * @brief   This file provides all the DBGMCU firmware functions.
      8            ******************************************************************************
      9            * @attention
     10            *
     11            * THE PRESENT FIRMWARE WHICH IS FOR GUIDANCE ONLY AIMS AT PROVIDING CUSTOMERS
     12            * WITH CODING INFORMATION REGARDING THEIR PRODUCTS IN ORDER FOR THEM TO SAVE
     13            * TIME. AS A RESULT, STMICROELECTRONICS SHALL NOT BE HELD LIABLE FOR ANY
     14            * DIRECT, INDIRECT OR CONSEQUENTIAL DAMAGES WITH RESPECT TO ANY CLAIMS ARISING
     15            * FROM THE CONTENT OF SUCH FIRMWARE AND/OR THE USE MADE BY CUSTOMERS OF THE
     16            * CODING INFORMATION CONTAINED HEREIN IN CONNECTION WITH THEIR PRODUCTS.
     17            *
     18            * <h2><center>&copy; COPYRIGHT 2011 STMicroelectronics</center></h2>
     19            ******************************************************************************
     20            */
     21          
     22          /* Includes ------------------------------------------------------------------*/
     23          #include "stm32f10x_dbgmcu.h"
     24          
     25          /** @addtogroup STM32F10x_StdPeriph_Driver
     26            * @{
     27            */
     28          
     29          /** @defgroup DBGMCU 
     30            * @brief DBGMCU driver modules
     31            * @{
     32            */
     33          
     34          /** @defgroup DBGMCU_Private_TypesDefinitions
     35            * @{
     36            */
     37          
     38          /**
     39            * @}
     40            */
     41          
     42          /** @defgroup DBGMCU_Private_Defines
     43            * @{
     44            */
     45          
     46          #define IDCODE_DEVID_MASK    ((uint32_t)0x00000FFF)
     47          /**
     48            * @}
     49            */
     50          
     51          /** @defgroup DBGMCU_Private_Macros
     52            * @{
     53            */
     54          
     55          /**
     56            * @}
     57            */
     58          
     59          /** @defgroup DBGMCU_Private_Variables
     60            * @{
     61            */
     62          
     63          /**
     64            * @}
     65            */
     66          
     67          /** @defgroup DBGMCU_Private_FunctionPrototypes
     68            * @{
     69            */
     70          
     71          /**
     72            * @}
     73            */
     74          
     75          /** @defgroup DBGMCU_Private_Functions
     76            * @{
     77            */
     78          
     79          /**
     80            * @brief  Returns the device revision identifier.
     81            * @param  None
     82            * @retval Device revision identifier
     83            */
     84          uint32_t DBGMCU_GetREVID(void) {
     85              return (DBGMCU->IDCODE >> 16);
     86          }
     87          
     88          /**
     89            * @brief  Returns the device identifier.
     90            * @param  None
     91            * @retval Device identifier
     92            */
     93          uint32_t DBGMCU_GetDEVID(void) {
     94              return (DBGMCU->IDCODE & IDCODE_DEVID_MASK);
     95          }
     96          
     97          /**
     98            * @brief  Configures the specified peripheral and low power mode behavior
     99            *   when the MCU under Debug mode.
    100            * @param  DBGMCU_Periph: specifies the peripheral and low power mode.
    101            *   This parameter can be any combination of the following values:
    102            *     @arg DBGMCU_SLEEP: Keep debugger connection during SLEEP mode              
    103            *     @arg DBGMCU_STOP: Keep debugger connection during STOP mode               
    104            *     @arg DBGMCU_STANDBY: Keep debugger connection during STANDBY mode            
    105            *     @arg DBGMCU_IWDG_STOP: Debug IWDG stopped when Core is halted          
    106            *     @arg DBGMCU_WWDG_STOP: Debug WWDG stopped when Core is halted          
    107            *     @arg DBGMCU_TIM1_STOP: TIM1 counter stopped when Core is halted          
    108            *     @arg DBGMCU_TIM2_STOP: TIM2 counter stopped when Core is halted          
    109            *     @arg DBGMCU_TIM3_STOP: TIM3 counter stopped when Core is halted          
    110            *     @arg DBGMCU_TIM4_STOP: TIM4 counter stopped when Core is halted          
    111            *     @arg DBGMCU_CAN1_STOP: Debug CAN2 stopped when Core is halted           
    112            *     @arg DBGMCU_I2C1_SMBUS_TIMEOUT: I2C1 SMBUS timeout mode stopped when Core is halted
    113            *     @arg DBGMCU_I2C2_SMBUS_TIMEOUT: I2C2 SMBUS timeout mode stopped when Core is halted
    114            *     @arg DBGMCU_TIM5_STOP: TIM5 counter stopped when Core is halted          
    115            *     @arg DBGMCU_TIM6_STOP: TIM6 counter stopped when Core is halted          
    116            *     @arg DBGMCU_TIM7_STOP: TIM7 counter stopped when Core is halted          
    117            *     @arg DBGMCU_TIM8_STOP: TIM8 counter stopped when Core is halted
    118            *     @arg DBGMCU_CAN2_STOP: Debug CAN2 stopped when Core is halted 
    119            *     @arg DBGMCU_TIM15_STOP: TIM15 counter stopped when Core is halted
    120            *     @arg DBGMCU_TIM16_STOP: TIM16 counter stopped when Core is halted
    121            *     @arg DBGMCU_TIM17_STOP: TIM17 counter stopped when Core is halted                
    122            *     @arg DBGMCU_TIM9_STOP: TIM9 counter stopped when Core is halted
    123            *     @arg DBGMCU_TIM10_STOP: TIM10 counter stopped when Core is halted
    124            *     @arg DBGMCU_TIM11_STOP: TIM11 counter stopped when Core is halted
    125            *     @arg DBGMCU_TIM12_STOP: TIM12 counter stopped when Core is halted
    126            *     @arg DBGMCU_TIM13_STOP: TIM13 counter stopped when Core is halted
    127            *     @arg DBGMCU_TIM14_STOP: TIM14 counter stopped when Core is halted
    128            * @param  NewState: new state of the specified peripheral in Debug mode.
    129            *   This parameter can be: ENABLE or DISABLE.
    130            * @retval None
    131            */
    132          void DBGMCU_Config(uint32_t DBGMCU_Periph, FunctionalState NewState) {
    133              /* Check the parameters */
    134              assert_param(IS_DBGMCU_PERIPH(DBGMCU_Periph));
    135              assert_param(IS_FUNCTIONAL_STATE(NewState));
    136          
    137              if (NewState != DISABLE) {
    138                  DBGMCU->CR |= DBGMCU_Periph;
    139              } else {
    140                  DBGMCU->CR &= ~DBGMCU_Periph;
    141              }
    142          }
    143          
    144          /**
    145            * @}
    146            */
    147          
    148          /**
    149            * @}
    150            */
    151          
    152          /**
    153            * @}
    154            */
    155          
    156          /******************* (C) COPYRIGHT 2011 STMicroelectronics *****END OF FILE****/

   Maximum stack usage in bytes:

   .cstack Function
   ------- --------
        0  DBGMCU_Config
        0  DBGMCU_GetDEVID
        0  DBGMCU_GetREVID


   Section sizes:

   Bytes  Function/Label
   -----  --------------
       4  ??DataTable2
       4  ??DataTable2_1
      30  DBGMCU_Config
      10  DBGMCU_GetDEVID
       8  DBGMCU_GetREVID

 
 56 bytes in section .text
 
 56 bytes of CODE memory

Errors: none
Warnings: none
