###############################################################################
#                                                                             #
# IAR ANSI C/C++ Compiler V6.40.1.53790/W32 for ARM     29/Oct/2019  16:43:07 #
# Copyright 1999-2012 IAR Systems AB.                                         #
#                                                                             #
#    Cpu mode     =  thumb                                                    #
#    Endian       =  little                                                   #
#    Source file  =  C:\Users\kmak\Documents\Cortex_Git\BLKT-01\Source        #
#                    Code\BLKT-01 Beacon\Source\firmware\common\util.c        #
#    Command line =  "C:\Users\kmak\Documents\Cortex_Git\BLKT-01\Source       #
#                    Code\BLKT-01 Beacon\Source\firmware\common\util.c" -D    #
#                    BEACON_APP -D USE_STDPERIPH_DRIVER -D STM32F10X_CL -D    #
#                    COOS -D USE_MY_ASSERT -D _DEBUG -D BOOTLOADER -D         #
#                    EE_M24C02 -D TASKS_PROFILE -D BATTERY_CHECK -D           #
#                    CCA_EN_NO -D NEW_BEACON -D USE_TIM4 -D WDT_ENABLE -D     #
#                    OLD_CONFIG -D CIRCULAR_LOG -D BC_HW_REVJ -lcN            #
#                    "C:\Users\kmak\Documents\Cortex_Git\BLKT-01\Source       #
#                    Code\BLKT-01 Beacon\Source\firmware\beacon -             #
#                    revJ\IAR\Debug-Bootloader-RevJ\List\" -o                 #
#                    "C:\Users\kmak\Documents\Cortex_Git\BLKT-01\Source       #
#                    Code\BLKT-01 Beacon\Source\firmware\beacon -             #
#                    revJ\IAR\Debug-Bootloader-RevJ\Obj\" --no_cse            #
#                    --no_unroll --no_inline --no_code_motion --no_tbaa       #
#                    --no_clustering --no_scheduling --debug --endian=little  #
#                    --cpu=Cortex-M3 -e --fpu=None --dlib_config "C:\Program  #
#                    Files (x86)\IAR Systems\Embedded Workbench               #
#                    6.4\arm\INC\c\DLib_Config_Normal.h" -I                   #
#                    "C:\Users\kmak\Documents\Cortex_Git\BLKT-01\Source       #
#                    Code\BLKT-01 Beacon\Source\firmware\beacon -             #
#                    revJ\IAR\..\App\" -I "C:\Users\kmak\Documents\Cortex_Git #
#                    \BLKT-01\Source Code\BLKT-01                             #
#                    Beacon\Source\firmware\beacon -                          #
#                    revJ\IAR\..\..\common\CMSIS\CM3\DeviceSupport\ST\STM32F1 #
#                    0x\" -I "C:\Users\kmak\Documents\Cortex_Git\BLKT-01\Sour #
#                    ce Code\BLKT-01 Beacon\Source\firmware\beacon -          #
#                    revJ\IAR\..\..\common\STM32F10x_StdPeriph_Driver\inc\"   #
#                    -I "C:\Users\kmak\Documents\Cortex_Git\BLKT-01\Source    #
#                    Code\BLKT-01 Beacon\Source\firmware\beacon -             #
#                    revJ\IAR\..\..\common\CoOS\kernel\" -I                   #
#                    "C:\Users\kmak\Documents\Cortex_Git\BLKT-01\Source       #
#                    Code\BLKT-01 Beacon\Source\firmware\beacon -             #
#                    revJ\IAR\..\..\common\CoOS\portable\" -I                 #
#                    "C:\Users\kmak\Documents\Cortex_Git\BLKT-01\Source       #
#                    Code\BLKT-01 Beacon\Source\firmware\beacon -             #
#                    revJ\IAR\..\..\..\common\" -I                            #
#                    "C:\Users\kmak\Documents\Cortex_Git\BLKT-01\Source       #
#                    Code\BLKT-01 Beacon\Source\firmware\beacon -             #
#                    revJ\IAR\..\..\common\USB-Device-CDC\" -I                #
#                    "C:\Users\kmak\Documents\Cortex_Git\BLKT-01\Source       #
#                    Code\BLKT-01 Beacon\Source\firmware\beacon -             #
#                    revJ\IAR\..\..\common\" -I "C:\Users\kmak\Documents\Cort #
#                    ex_Git\BLKT-01\Source Code\BLKT-01                       #
#                    Beacon\Source\firmware\beacon - revJ\IAR\" -On           #
#                    --use_c++_inline -I "C:\Program Files (x86)\IAR          #
#                    Systems\Embedded Workbench 6.4\arm\CMSIS\Include\"       #
#    List file    =  C:\Users\kmak\Documents\Cortex_Git\BLKT-01\Source        #
#                    Code\BLKT-01 Beacon\Source\firmware\beacon -             #
#                    revJ\IAR\Debug-Bootloader-RevJ\List\util.lst             #
#    Object file  =  C:\Users\kmak\Documents\Cortex_Git\BLKT-01\Source        #
#                    Code\BLKT-01 Beacon\Source\firmware\beacon -             #
#                    revJ\IAR\Debug-Bootloader-RevJ\Obj\util.o                #
#                                                                             #
#                                                                             #
###############################################################################

C:\Users\kmak\Documents\Cortex_Git\BLKT-01\Source Code\BLKT-01 Beacon\Source\firmware\common\util.c
      1          #include "util.h"
      2          
      3          #include "stm32f10x.h"
      4          
      5          uint8_t crc8(const void *vptr, uint8_t len)
      6          {
      7                  const uint8_t *data = vptr;
      8                  uint16_t crc = 0;
      9                  uint8_t i, j;
     10          
     11                  for (j = len; j; j--, data++) {
     12                          crc ^= (*data << 8);
     13                          for(i = 8; i; i--) {
     14                                  if (crc & 0x8000)
     15                                          crc ^= (0x1070 << 3);
     16                                  crc <<= 1;
     17                          }
     18                  }
     19          
     20                  return (uint8_t)(crc >> 8);
     21          }

   Maximum stack usage in bytes:

   .cstack Function
   ------- --------
       12  crc8


   Section sizes:

   Bytes  Function/Label
   -----  --------------
      66  crc8

 
 66 bytes in section .text
 
 66 bytes of CODE memory

Errors: none
Warnings: none
